2016-10-06 23:09:17 - PHP Notice:  Undefined index: RUB in C:\OpenServer\OpenServer\domains\shop\system\library\cart\currency.php on line 25
2016-10-06 23:09:17 - PHP Notice:  Undefined index: RUB in C:\OpenServer\OpenServer\domains\shop\system\library\cart\currency.php on line 26
2016-10-06 23:09:17 - PHP Notice:  Undefined index: RUB in C:\OpenServer\OpenServer\domains\shop\system\library\cart\currency.php on line 27
2016-10-06 23:09:17 - PHP Notice:  Undefined index: RUB in C:\OpenServer\OpenServer\domains\shop\system\library\cart\currency.php on line 30
2016-10-06 23:09:17 - PHP Notice:  Undefined index: RUB in C:\OpenServer\OpenServer\domains\shop\system\library\cart\currency.php on line 25
2016-10-06 23:09:17 - PHP Notice:  Undefined index: RUB in C:\OpenServer\OpenServer\domains\shop\system\library\cart\currency.php on line 26
2016-10-06 23:09:17 - PHP Notice:  Undefined index: RUB in C:\OpenServer\OpenServer\domains\shop\system\library\cart\currency.php on line 27
2016-10-06 23:09:17 - PHP Notice:  Undefined index: RUB in C:\OpenServer\OpenServer\domains\shop\system\library\cart\currency.php on line 30
2016-10-06 23:09:17 - PHP Notice:  Undefined index: RUB in C:\OpenServer\OpenServer\domains\shop\system\library\cart\currency.php on line 25
2016-10-06 23:09:17 - PHP Notice:  Undefined index: RUB in C:\OpenServer\OpenServer\domains\shop\system\library\cart\currency.php on line 26
2016-10-06 23:09:17 - PHP Notice:  Undefined index: RUB in C:\OpenServer\OpenServer\domains\shop\system\library\cart\currency.php on line 27
2016-10-06 23:09:17 - PHP Notice:  Undefined index: RUB in C:\OpenServer\OpenServer\domains\shop\system\library\cart\currency.php on line 30
2016-10-06 23:09:17 - PHP Notice:  Undefined index: RUB in C:\OpenServer\OpenServer\domains\shop\system\library\cart\currency.php on line 25
2016-10-06 23:09:17 - PHP Notice:  Undefined index: RUB in C:\OpenServer\OpenServer\domains\shop\system\library\cart\currency.php on line 26
2016-10-06 23:09:17 - PHP Notice:  Undefined index: RUB in C:\OpenServer\OpenServer\domains\shop\system\library\cart\currency.php on line 27
2016-10-06 23:09:17 - PHP Notice:  Undefined index: RUB in C:\OpenServer\OpenServer\domains\shop\system\library\cart\currency.php on line 30
2016-10-06 23:09:17 - PHP Notice:  Undefined index: RUB in C:\OpenServer\OpenServer\domains\shop\system\library\cart\currency.php on line 25
2016-10-06 23:09:17 - PHP Notice:  Undefined index: RUB in C:\OpenServer\OpenServer\domains\shop\system\library\cart\currency.php on line 26
2016-10-06 23:09:17 - PHP Notice:  Undefined index: RUB in C:\OpenServer\OpenServer\domains\shop\system\library\cart\currency.php on line 27
2016-10-06 23:09:17 - PHP Notice:  Undefined index: RUB in C:\OpenServer\OpenServer\domains\shop\system\library\cart\currency.php on line 30
2016-10-06 23:09:17 - PHP Notice:  Undefined index: RUB in C:\OpenServer\OpenServer\domains\shop\system\library\cart\currency.php on line 25
2016-10-06 23:09:17 - PHP Notice:  Undefined index: RUB in C:\OpenServer\OpenServer\domains\shop\system\library\cart\currency.php on line 26
2016-10-06 23:09:17 - PHP Notice:  Undefined index: RUB in C:\OpenServer\OpenServer\domains\shop\system\library\cart\currency.php on line 27
2016-10-06 23:09:17 - PHP Notice:  Undefined index: RUB in C:\OpenServer\OpenServer\domains\shop\system\library\cart\currency.php on line 30
2016-10-06 23:09:17 - PHP Notice:  Undefined index: RUB in C:\OpenServer\OpenServer\domains\shop\system\library\cart\currency.php on line 25
2016-10-06 23:09:17 - PHP Notice:  Undefined index: RUB in C:\OpenServer\OpenServer\domains\shop\system\library\cart\currency.php on line 26
2016-10-06 23:09:17 - PHP Notice:  Undefined index: RUB in C:\OpenServer\OpenServer\domains\shop\system\library\cart\currency.php on line 27
2016-10-06 23:09:17 - PHP Notice:  Undefined index: RUB in C:\OpenServer\OpenServer\domains\shop\system\library\cart\currency.php on line 30
2016-10-06 23:09:17 - PHP Notice:  Undefined index: RUB in C:\OpenServer\OpenServer\domains\shop\system\library\cart\currency.php on line 25
2016-10-06 23:09:17 - PHP Notice:  Undefined index: RUB in C:\OpenServer\OpenServer\domains\shop\system\library\cart\currency.php on line 26
2016-10-06 23:09:17 - PHP Notice:  Undefined index: RUB in C:\OpenServer\OpenServer\domains\shop\system\library\cart\currency.php on line 27
2016-10-06 23:09:17 - PHP Notice:  Undefined index: RUB in C:\OpenServer\OpenServer\domains\shop\system\library\cart\currency.php on line 30
2016-10-06 23:09:17 - PHP Notice:  Undefined index: RUB in C:\OpenServer\OpenServer\domains\shop\system\library\cart\currency.php on line 25
2016-10-06 23:09:17 - PHP Notice:  Undefined index: RUB in C:\OpenServer\OpenServer\domains\shop\system\library\cart\currency.php on line 26
2016-10-06 23:09:17 - PHP Notice:  Undefined index: RUB in C:\OpenServer\OpenServer\domains\shop\system\library\cart\currency.php on line 27
2016-10-06 23:09:17 - PHP Notice:  Undefined index: RUB in C:\OpenServer\OpenServer\domains\shop\system\library\cart\currency.php on line 30
2016-10-06 23:09:21 - PHP Notice:  Undefined index: RUB in C:\OpenServer\OpenServer\domains\shop\system\library\cart\currency.php on line 25
2016-10-06 23:09:21 - PHP Notice:  Undefined index: RUB in C:\OpenServer\OpenServer\domains\shop\system\library\cart\currency.php on line 26
2016-10-06 23:09:21 - PHP Notice:  Undefined index: RUB in C:\OpenServer\OpenServer\domains\shop\system\library\cart\currency.php on line 27
2016-10-06 23:09:21 - PHP Notice:  Undefined index: RUB in C:\OpenServer\OpenServer\domains\shop\system\library\cart\currency.php on line 30
2016-10-06 23:09:21 - PHP Notice:  Undefined index: RUB in C:\OpenServer\OpenServer\domains\shop\system\library\cart\currency.php on line 25
2016-10-06 23:09:21 - PHP Notice:  Undefined index: RUB in C:\OpenServer\OpenServer\domains\shop\system\library\cart\currency.php on line 26
2016-10-06 23:09:21 - PHP Notice:  Undefined index: RUB in C:\OpenServer\OpenServer\domains\shop\system\library\cart\currency.php on line 27
2016-10-06 23:09:21 - PHP Notice:  Undefined index: RUB in C:\OpenServer\OpenServer\domains\shop\system\library\cart\currency.php on line 30
2016-10-06 23:09:21 - PHP Notice:  Undefined index: RUB in C:\OpenServer\OpenServer\domains\shop\system\library\cart\currency.php on line 25
2016-10-06 23:09:21 - PHP Notice:  Undefined index: RUB in C:\OpenServer\OpenServer\domains\shop\system\library\cart\currency.php on line 26
2016-10-06 23:09:21 - PHP Notice:  Undefined index: RUB in C:\OpenServer\OpenServer\domains\shop\system\library\cart\currency.php on line 27
2016-10-06 23:09:21 - PHP Notice:  Undefined index: RUB in C:\OpenServer\OpenServer\domains\shop\system\library\cart\currency.php on line 30
2016-10-06 23:09:21 - PHP Notice:  Undefined index: RUB in C:\OpenServer\OpenServer\domains\shop\system\library\cart\currency.php on line 25
2016-10-06 23:09:21 - PHP Notice:  Undefined index: RUB in C:\OpenServer\OpenServer\domains\shop\system\library\cart\currency.php on line 26
2016-10-06 23:09:21 - PHP Notice:  Undefined index: RUB in C:\OpenServer\OpenServer\domains\shop\system\library\cart\currency.php on line 27
2016-10-06 23:09:21 - PHP Notice:  Undefined index: RUB in C:\OpenServer\OpenServer\domains\shop\system\library\cart\currency.php on line 30
2016-10-06 23:09:21 - PHP Notice:  Undefined index: RUB in C:\OpenServer\OpenServer\domains\shop\system\library\cart\currency.php on line 25
2016-10-06 23:09:21 - PHP Notice:  Undefined index: RUB in C:\OpenServer\OpenServer\domains\shop\system\library\cart\currency.php on line 26
2016-10-06 23:09:21 - PHP Notice:  Undefined index: RUB in C:\OpenServer\OpenServer\domains\shop\system\library\cart\currency.php on line 27
2016-10-06 23:09:21 - PHP Notice:  Undefined index: RUB in C:\OpenServer\OpenServer\domains\shop\system\library\cart\currency.php on line 30
2016-10-06 23:09:21 - PHP Notice:  Undefined index: RUB in C:\OpenServer\OpenServer\domains\shop\system\library\cart\currency.php on line 25
2016-10-06 23:09:21 - PHP Notice:  Undefined index: RUB in C:\OpenServer\OpenServer\domains\shop\system\library\cart\currency.php on line 26
2016-10-06 23:09:21 - PHP Notice:  Undefined index: RUB in C:\OpenServer\OpenServer\domains\shop\system\library\cart\currency.php on line 27
2016-10-06 23:09:21 - PHP Notice:  Undefined index: RUB in C:\OpenServer\OpenServer\domains\shop\system\library\cart\currency.php on line 30
2016-10-06 23:09:21 - PHP Notice:  Undefined index: RUB in C:\OpenServer\OpenServer\domains\shop\system\library\cart\currency.php on line 25
2016-10-06 23:09:21 - PHP Notice:  Undefined index: RUB in C:\OpenServer\OpenServer\domains\shop\system\library\cart\currency.php on line 26
2016-10-06 23:09:21 - PHP Notice:  Undefined index: RUB in C:\OpenServer\OpenServer\domains\shop\system\library\cart\currency.php on line 27
2016-10-06 23:09:21 - PHP Notice:  Undefined index: RUB in C:\OpenServer\OpenServer\domains\shop\system\library\cart\currency.php on line 30
2016-10-06 23:09:21 - PHP Notice:  Undefined index: RUB in C:\OpenServer\OpenServer\domains\shop\system\library\cart\currency.php on line 25
2016-10-06 23:09:21 - PHP Notice:  Undefined index: RUB in C:\OpenServer\OpenServer\domains\shop\system\library\cart\currency.php on line 26
2016-10-06 23:09:21 - PHP Notice:  Undefined index: RUB in C:\OpenServer\OpenServer\domains\shop\system\library\cart\currency.php on line 27
2016-10-06 23:09:21 - PHP Notice:  Undefined index: RUB in C:\OpenServer\OpenServer\domains\shop\system\library\cart\currency.php on line 30
2016-10-06 23:09:21 - PHP Notice:  Undefined index: RUB in C:\OpenServer\OpenServer\domains\shop\system\library\cart\currency.php on line 25
2016-10-06 23:09:21 - PHP Notice:  Undefined index: RUB in C:\OpenServer\OpenServer\domains\shop\system\library\cart\currency.php on line 26
2016-10-06 23:09:21 - PHP Notice:  Undefined index: RUB in C:\OpenServer\OpenServer\domains\shop\system\library\cart\currency.php on line 27
2016-10-06 23:09:21 - PHP Notice:  Undefined index: RUB in C:\OpenServer\OpenServer\domains\shop\system\library\cart\currency.php on line 30
2016-10-06 23:10:16 - PHP Notice:  Undefined index: RUB in C:\OpenServer\OpenServer\domains\shop\system\library\cart\currency.php on line 25
2016-10-06 23:10:16 - PHP Notice:  Undefined index: RUB in C:\OpenServer\OpenServer\domains\shop\system\library\cart\currency.php on line 26
2016-10-06 23:10:16 - PHP Notice:  Undefined index: RUB in C:\OpenServer\OpenServer\domains\shop\system\library\cart\currency.php on line 27
2016-10-06 23:10:16 - PHP Notice:  Undefined index: RUB in C:\OpenServer\OpenServer\domains\shop\system\library\cart\currency.php on line 30
2016-10-06 23:10:16 - PHP Notice:  Undefined index: RUB in C:\OpenServer\OpenServer\domains\shop\system\library\cart\currency.php on line 25
2016-10-06 23:10:16 - PHP Notice:  Undefined index: RUB in C:\OpenServer\OpenServer\domains\shop\system\library\cart\currency.php on line 26
2016-10-06 23:10:16 - PHP Notice:  Undefined index: RUB in C:\OpenServer\OpenServer\domains\shop\system\library\cart\currency.php on line 27
2016-10-06 23:10:16 - PHP Notice:  Undefined index: RUB in C:\OpenServer\OpenServer\domains\shop\system\library\cart\currency.php on line 30
2016-10-06 23:10:16 - PHP Notice:  Undefined index: RUB in C:\OpenServer\OpenServer\domains\shop\system\library\cart\currency.php on line 25
2016-10-06 23:10:16 - PHP Notice:  Undefined index: RUB in C:\OpenServer\OpenServer\domains\shop\system\library\cart\currency.php on line 26
2016-10-06 23:10:16 - PHP Notice:  Undefined index: RUB in C:\OpenServer\OpenServer\domains\shop\system\library\cart\currency.php on line 27
2016-10-06 23:10:16 - PHP Notice:  Undefined index: RUB in C:\OpenServer\OpenServer\domains\shop\system\library\cart\currency.php on line 30
2016-10-06 23:10:16 - PHP Notice:  Undefined index: RUB in C:\OpenServer\OpenServer\domains\shop\system\library\cart\currency.php on line 25
2016-10-06 23:10:16 - PHP Notice:  Undefined index: RUB in C:\OpenServer\OpenServer\domains\shop\system\library\cart\currency.php on line 26
2016-10-06 23:10:16 - PHP Notice:  Undefined index: RUB in C:\OpenServer\OpenServer\domains\shop\system\library\cart\currency.php on line 27
2016-10-06 23:10:16 - PHP Notice:  Undefined index: RUB in C:\OpenServer\OpenServer\domains\shop\system\library\cart\currency.php on line 30
2016-10-06 23:10:16 - PHP Notice:  Undefined index: RUB in C:\OpenServer\OpenServer\domains\shop\system\library\cart\currency.php on line 25
2016-10-06 23:10:16 - PHP Notice:  Undefined index: RUB in C:\OpenServer\OpenServer\domains\shop\system\library\cart\currency.php on line 26
2016-10-06 23:10:16 - PHP Notice:  Undefined index: RUB in C:\OpenServer\OpenServer\domains\shop\system\library\cart\currency.php on line 27
2016-10-06 23:10:16 - PHP Notice:  Undefined index: RUB in C:\OpenServer\OpenServer\domains\shop\system\library\cart\currency.php on line 30
2016-10-06 23:10:16 - PHP Notice:  Undefined index: RUB in C:\OpenServer\OpenServer\domains\shop\system\library\cart\currency.php on line 25
2016-10-06 23:10:16 - PHP Notice:  Undefined index: RUB in C:\OpenServer\OpenServer\domains\shop\system\library\cart\currency.php on line 26
2016-10-06 23:10:16 - PHP Notice:  Undefined index: RUB in C:\OpenServer\OpenServer\domains\shop\system\library\cart\currency.php on line 27
2016-10-06 23:10:16 - PHP Notice:  Undefined index: RUB in C:\OpenServer\OpenServer\domains\shop\system\library\cart\currency.php on line 30
2016-10-06 23:10:16 - PHP Notice:  Undefined index: RUB in C:\OpenServer\OpenServer\domains\shop\system\library\cart\currency.php on line 25
2016-10-06 23:10:16 - PHP Notice:  Undefined index: RUB in C:\OpenServer\OpenServer\domains\shop\system\library\cart\currency.php on line 26
2016-10-06 23:10:16 - PHP Notice:  Undefined index: RUB in C:\OpenServer\OpenServer\domains\shop\system\library\cart\currency.php on line 27
2016-10-06 23:10:16 - PHP Notice:  Undefined index: RUB in C:\OpenServer\OpenServer\domains\shop\system\library\cart\currency.php on line 30
2016-10-06 23:10:16 - PHP Notice:  Undefined index: RUB in C:\OpenServer\OpenServer\domains\shop\system\library\cart\currency.php on line 25
2016-10-06 23:10:16 - PHP Notice:  Undefined index: RUB in C:\OpenServer\OpenServer\domains\shop\system\library\cart\currency.php on line 26
2016-10-06 23:10:16 - PHP Notice:  Undefined index: RUB in C:\OpenServer\OpenServer\domains\shop\system\library\cart\currency.php on line 27
2016-10-06 23:10:16 - PHP Notice:  Undefined index: RUB in C:\OpenServer\OpenServer\domains\shop\system\library\cart\currency.php on line 30
2016-10-06 23:10:16 - PHP Notice:  Undefined index: RUB in C:\OpenServer\OpenServer\domains\shop\system\library\cart\currency.php on line 25
2016-10-06 23:10:16 - PHP Notice:  Undefined index: RUB in C:\OpenServer\OpenServer\domains\shop\system\library\cart\currency.php on line 26
2016-10-06 23:10:16 - PHP Notice:  Undefined index: RUB in C:\OpenServer\OpenServer\domains\shop\system\library\cart\currency.php on line 27
2016-10-06 23:10:16 - PHP Notice:  Undefined index: RUB in C:\OpenServer\OpenServer\domains\shop\system\library\cart\currency.php on line 30
2016-10-06 23:10:47 - PHP Notice:  Undefined index: RUB in C:\OpenServer\OpenServer\domains\shop\system\library\cart\currency.php on line 25
2016-10-06 23:10:47 - PHP Notice:  Undefined index: RUB in C:\OpenServer\OpenServer\domains\shop\system\library\cart\currency.php on line 26
2016-10-06 23:10:47 - PHP Notice:  Undefined index: RUB in C:\OpenServer\OpenServer\domains\shop\system\library\cart\currency.php on line 27
2016-10-06 23:10:47 - PHP Notice:  Undefined index: RUB in C:\OpenServer\OpenServer\domains\shop\system\library\cart\currency.php on line 25
2016-10-06 23:10:47 - PHP Notice:  Undefined index: RUB in C:\OpenServer\OpenServer\domains\shop\system\library\cart\currency.php on line 26
2016-10-06 23:10:47 - PHP Notice:  Undefined index: RUB in C:\OpenServer\OpenServer\domains\shop\system\library\cart\currency.php on line 27
2016-10-06 23:10:48 - PHP Notice:  Undefined index: RUB in C:\OpenServer\OpenServer\domains\shop\system\library\cart\currency.php on line 25
2016-10-06 23:10:48 - PHP Notice:  Undefined index: RUB in C:\OpenServer\OpenServer\domains\shop\system\library\cart\currency.php on line 26
2016-10-06 23:10:48 - PHP Notice:  Undefined index: RUB in C:\OpenServer\OpenServer\domains\shop\system\library\cart\currency.php on line 27
2016-10-06 23:10:48 - PHP Notice:  Undefined index: RUB in C:\OpenServer\OpenServer\domains\shop\system\library\cart\currency.php on line 25
2016-10-06 23:10:48 - PHP Notice:  Undefined index: RUB in C:\OpenServer\OpenServer\domains\shop\system\library\cart\currency.php on line 26
2016-10-06 23:10:48 - PHP Notice:  Undefined index: RUB in C:\OpenServer\OpenServer\domains\shop\system\library\cart\currency.php on line 27
2016-10-06 23:10:50 - PHP Notice:  Undefined index: RUB in C:\OpenServer\OpenServer\domains\shop\system\library\cart\currency.php on line 25
2016-10-06 23:10:50 - PHP Notice:  Undefined index: RUB in C:\OpenServer\OpenServer\domains\shop\system\library\cart\currency.php on line 26
2016-10-06 23:10:50 - PHP Notice:  Undefined index: RUB in C:\OpenServer\OpenServer\domains\shop\system\library\cart\currency.php on line 27
2016-10-06 23:10:50 - PHP Notice:  Undefined index: RUB in C:\OpenServer\OpenServer\domains\shop\system\library\cart\currency.php on line 30
2016-10-06 23:52:44 - PHP Warning:  sprintf(): Too few arguments in C:\OpenServer\OpenServer\domains\shop\catalog\controller\common\cart.php on line 54
2016-10-07 0:06:59 - PHP Notice:  Undefined variable: toаtals in C:\OpenServer\OpenServer\domains\shop\catalog\view\theme\default\template\common\cart.tpl on line 43
2016-10-07 0:06:59 - PHP Warning:  Invalid argument supplied for foreach() in C:\OpenServer\OpenServer\domains\shop\catalog\view\theme\default\template\common\cart.tpl on line 43
2016-10-07 0:07:01 - PHP Notice:  Undefined variable: toаtals in C:\OpenServer\OpenServer\domains\shop\catalog\view\theme\default\template\common\cart.tpl on line 43
2016-10-07 0:07:01 - PHP Warning:  Invalid argument supplied for foreach() in C:\OpenServer\OpenServer\domains\shop\catalog\view\theme\default\template\common\cart.tpl on line 43
2016-10-07 0:07:05 - PHP Notice:  Undefined variable: toаtals in C:\OpenServer\OpenServer\domains\shop\catalog\view\theme\default\template\common\cart.tpl on line 43
2016-10-07 0:07:05 - PHP Warning:  Invalid argument supplied for foreach() in C:\OpenServer\OpenServer\domains\shop\catalog\view\theme\default\template\common\cart.tpl on line 43
2016-10-07 0:07:30 - PHP Notice:  Undefined variable: toаtals in C:\OpenServer\OpenServer\domains\shop\catalog\view\theme\default\template\common\cart.tpl on line 43
2016-10-07 0:07:30 - PHP Warning:  Invalid argument supplied for foreach() in C:\OpenServer\OpenServer\domains\shop\catalog\view\theme\default\template\common\cart.tpl on line 43
2016-10-07 0:14:09 - PHP Notice:  Undefined variable: toаtals in C:\OpenServer\OpenServer\domains\shop\catalog\view\theme\default\template\common\cart.tpl on line 43
2016-10-07 0:14:09 - PHP Warning:  Invalid argument supplied for foreach() in C:\OpenServer\OpenServer\domains\shop\catalog\view\theme\default\template\common\cart.tpl on line 43
2016-10-07 0:15:05 - PHP Notice:  Undefined variable: toаtals in C:\OpenServer\OpenServer\domains\shop\catalog\view\theme\default\template\common\cart.tpl on line 43
2016-10-07 0:15:05 - PHP Warning:  Invalid argument supplied for foreach() in C:\OpenServer\OpenServer\domains\shop\catalog\view\theme\default\template\common\cart.tpl on line 43
2016-10-07 0:15:08 - PHP Notice:  Undefined variable: toаtals in C:\OpenServer\OpenServer\domains\shop\catalog\view\theme\default\template\common\cart.tpl on line 43
2016-10-07 0:15:08 - PHP Warning:  Invalid argument supplied for foreach() in C:\OpenServer\OpenServer\domains\shop\catalog\view\theme\default\template\common\cart.tpl on line 43
2016-10-07 0:15:09 - PHP Notice:  Undefined variable: toаtals in C:\OpenServer\OpenServer\domains\shop\catalog\view\theme\default\template\common\cart.tpl on line 43
2016-10-07 0:15:09 - PHP Warning:  Invalid argument supplied for foreach() in C:\OpenServer\OpenServer\domains\shop\catalog\view\theme\default\template\common\cart.tpl on line 43
2016-10-07 1:22:24 - PHP Notice:  Indirect modification of overloaded property ControllerCommonFooter::$data has no effect in C:\OpenServer\OpenServer\domains\shop\catalog\controller\common\footer.php on line 24
2016-10-07 1:22:26 - PHP Notice:  Indirect modification of overloaded property ControllerCommonFooter::$data has no effect in C:\OpenServer\OpenServer\domains\shop\catalog\controller\common\footer.php on line 24
2016-10-07 12:31:26 - PHP Notice:  Undefined variable: toаtals in C:\OpenServer\OpenServer\domains\shop\catalog\view\theme\default\template\common\cart.tpl on line 42
2016-10-07 12:31:26 - PHP Warning:  Invalid argument supplied for foreach() in C:\OpenServer\OpenServer\domains\shop\catalog\view\theme\default\template\common\cart.tpl on line 42
2016-10-07 12:32:37 - PHP Notice:  Undefined variable: toаtals in C:\OpenServer\OpenServer\domains\shop\catalog\view\theme\default\template\common\cart.tpl on line 42
2016-10-07 12:32:37 - PHP Warning:  Invalid argument supplied for foreach() in C:\OpenServer\OpenServer\domains\shop\catalog\view\theme\default\template\common\cart.tpl on line 42
2016-10-07 12:32:51 - PHP Notice:  Undefined variable: toаtals in C:\OpenServer\OpenServer\domains\shop\catalog\view\theme\default\template\common\cart.tpl on line 42
2016-10-07 12:32:51 - PHP Warning:  Invalid argument supplied for foreach() in C:\OpenServer\OpenServer\domains\shop\catalog\view\theme\default\template\common\cart.tpl on line 42
2016-10-07 12:34:59 - PHP Notice:  Undefined variable: toаtals in C:\OpenServer\OpenServer\domains\shop\catalog\view\theme\default\template\common\cart.tpl on line 42
2016-10-07 12:34:59 - PHP Warning:  Invalid argument supplied for foreach() in C:\OpenServer\OpenServer\domains\shop\catalog\view\theme\default\template\common\cart.tpl on line 42
2016-10-07 12:35:04 - PHP Notice:  Undefined variable: toаtals in C:\OpenServer\OpenServer\domains\shop\catalog\view\theme\default\template\common\cart.tpl on line 42
2016-10-07 12:35:04 - PHP Warning:  Invalid argument supplied for foreach() in C:\OpenServer\OpenServer\domains\shop\catalog\view\theme\default\template\common\cart.tpl on line 42
2016-10-07 12:37:00 - PHP Notice:  Undefined variable: toаtals in C:\OpenServer\OpenServer\domains\shop\catalog\view\theme\default\template\common\cart.tpl on line 42
2016-10-07 12:37:00 - PHP Warning:  Invalid argument supplied for foreach() in C:\OpenServer\OpenServer\domains\shop\catalog\view\theme\default\template\common\cart.tpl on line 42
2016-10-07 12:37:30 - PHP Notice:  Undefined variable: toаtals in C:\OpenServer\OpenServer\domains\shop\catalog\view\theme\default\template\common\cart.tpl on line 42
2016-10-07 12:37:30 - PHP Warning:  Invalid argument supplied for foreach() in C:\OpenServer\OpenServer\domains\shop\catalog\view\theme\default\template\common\cart.tpl on line 42
2016-10-07 12:37:37 - PHP Notice:  Undefined variable: toаtals in C:\OpenServer\OpenServer\domains\shop\catalog\view\theme\default\template\common\cart.tpl on line 42
2016-10-07 12:37:37 - PHP Warning:  Invalid argument supplied for foreach() in C:\OpenServer\OpenServer\domains\shop\catalog\view\theme\default\template\common\cart.tpl on line 42
2016-10-07 12:37:41 - PHP Notice:  Undefined variable: toаtals in C:\OpenServer\OpenServer\domains\shop\catalog\view\theme\default\template\common\cart.tpl on line 42
2016-10-07 12:37:41 - PHP Warning:  Invalid argument supplied for foreach() in C:\OpenServer\OpenServer\domains\shop\catalog\view\theme\default\template\common\cart.tpl on line 42
2016-10-07 12:37:44 - PHP Notice:  Undefined variable: toаtals in C:\OpenServer\OpenServer\domains\shop\catalog\view\theme\default\template\common\cart.tpl on line 42
2016-10-07 12:37:44 - PHP Warning:  Invalid argument supplied for foreach() in C:\OpenServer\OpenServer\domains\shop\catalog\view\theme\default\template\common\cart.tpl on line 42
2016-10-07 12:37:45 - PHP Notice:  Undefined variable: toаtals in C:\OpenServer\OpenServer\domains\shop\catalog\view\theme\default\template\common\cart.tpl on line 42
2016-10-07 12:37:45 - PHP Warning:  Invalid argument supplied for foreach() in C:\OpenServer\OpenServer\domains\shop\catalog\view\theme\default\template\common\cart.tpl on line 42
2016-10-07 12:37:48 - PHP Notice:  Undefined variable: toаtals in C:\OpenServer\OpenServer\domains\shop\catalog\view\theme\default\template\common\cart.tpl on line 42
2016-10-07 12:37:48 - PHP Warning:  Invalid argument supplied for foreach() in C:\OpenServer\OpenServer\domains\shop\catalog\view\theme\default\template\common\cart.tpl on line 42
2016-10-07 12:37:52 - PHP Notice:  Undefined variable: toаtals in C:\OpenServer\OpenServer\domains\shop\catalog\view\theme\default\template\common\cart.tpl on line 42
2016-10-07 12:37:52 - PHP Warning:  Invalid argument supplied for foreach() in C:\OpenServer\OpenServer\domains\shop\catalog\view\theme\default\template\common\cart.tpl on line 42
2016-10-07 12:37:58 - PHP Notice:  Undefined variable: toаtals in C:\OpenServer\OpenServer\domains\shop\catalog\view\theme\default\template\common\cart.tpl on line 42
2016-10-07 12:37:58 - PHP Warning:  Invalid argument supplied for foreach() in C:\OpenServer\OpenServer\domains\shop\catalog\view\theme\default\template\common\cart.tpl on line 42
2016-10-07 12:38:29 - PHP Notice:  Undefined variable: toаtals in C:\OpenServer\OpenServer\domains\shop\catalog\view\theme\default\template\common\cart.tpl on line 42
2016-10-07 12:38:29 - PHP Warning:  Invalid argument supplied for foreach() in C:\OpenServer\OpenServer\domains\shop\catalog\view\theme\default\template\common\cart.tpl on line 42
2016-10-07 12:38:35 - PHP Notice:  Undefined variable: toаtals in C:\OpenServer\OpenServer\domains\shop\catalog\view\theme\default\template\common\cart.tpl on line 42
2016-10-07 12:38:35 - PHP Warning:  Invalid argument supplied for foreach() in C:\OpenServer\OpenServer\domains\shop\catalog\view\theme\default\template\common\cart.tpl on line 42
